<?xml version="1.0" encoding="UTF-8"?>
<!-- Generated by org.testng.reporters.JUnitReportReporter -->
<testsuite hostname="FULL137-AIR.FULL.Creative" name="com.loginpagesetmore.ValidationLoginPage" tests="3" failures="0" timestamp="3 Oct 2017 10:28:43 GMT" time="160.181" errors="0">
  <testcase name="fbGoogleScenario" time="60.940" classname="com.loginpagesetmore.ValidationLoginPage"/>
  <testcase name="verifyElement" time="3.075" classname="com.loginpagesetmore.ValidationLoginPage"/>
  <testcase name="verifyAndValidLoginPage" time="96.166" classname="com.loginpagesetmore.ValidationLoginPage"/>
</testsuite> <!-- com.loginpagesetmore.ValidationLoginPage -->
