<?xml version="1.0" encoding="UTF-8"?>
<!-- Generated by org.testng.reporters.JUnitReportReporter -->
<testsuite hostname="FULL137-AIR.FULL.Creative" name="com.bookingpage.BookingPage" tests="1" failures="0" timestamp="3 Oct 2017 06:59:40 GMT" time="86.531" errors="0">
  <testcase name="bookingPageLaunch" time="86.531" classname="com.bookingpage.BookingPage"/>
</testsuite> <!-- com.bookingpage.BookingPage -->
