<?xml version="1.0" encoding="UTF-8"?>
<!-- Generated by org.testng.reporters.JUnitReportReporter -->
<testsuite hostname="FULL137-AIR.local" name="com.signup.NewTest" tests="3" failures="0" timestamp="18 Aug 2017 14:07:31 GMT" time="0.030" errors="0">
  <testcase name="f" time="0.005" classname="com.signup.NewTest"/>
  <testcase name="f" time="0.005" classname="com.signup.NewTest"/>
  <testcase name="f" time="0.020" classname="com.signup.NewTest"/>
</testsuite> <!-- com.signup.NewTest -->
