<?xml version="1.0" encoding="UTF-8"?>
<!-- Generated by org.testng.reporters.JUnitReportReporter -->
<testsuite hostname="FULL137-AIR.local" name="com.pagefactory.FileHandle" tests="1" failures="0" timestamp="16 Aug 2017 13:34:49 GMT" time="1.055" errors="0">
  <testcase name="testValue" time="1.055" classname="com.pagefactory.FileHandle"/>
</testsuite> <!-- com.pagefactory.FileHandle -->
