<?xml version="1.0" encoding="UTF-8"?>
<!-- Generated by org.testng.reporters.JUnitReportReporter -->
<testsuite hostname="FULL137-AIR.FULL.Creative" name="com.signup.CreateAccountSetMore" tests="8" failures="0" timestamp="3 Oct 2017 10:21:08 GMT" time="368.985" errors="0">
  <testcase name="f" time="33.274" classname="com.signup.CreateAccountSetMore"/>
  <testcase name="f" time="33.105" classname="com.signup.CreateAccountSetMore"/>
  <testcase name="f" time="134.760" classname="com.signup.CreateAccountSetMore"/>
  <testcase name="f" time="33.708" classname="com.signup.CreateAccountSetMore"/>
  <testcase name="f" time="32.613" classname="com.signup.CreateAccountSetMore"/>
  <testcase name="f" time="33.575" classname="com.signup.CreateAccountSetMore"/>
  <testcase name="f" time="34.423" classname="com.signup.CreateAccountSetMore"/>
  <testcase name="f" time="33.527" classname="com.signup.CreateAccountSetMore"/>
</testsuite> <!-- com.signup.CreateAccountSetMore -->
