<?xml version="1.0" encoding="UTF-8"?>
<!-- Generated by org.testng.reporters.JUnitReportReporter -->
<testsuite hostname="FULL137-AIR.local" name="com.pagefactory.ValidationLoginPage" tests="3" failures="0" timestamp="17 Aug 2017 10:30:44 GMT" time="169.451" errors="0">
  <testcase name="fbGoogleScenario" time="72.229" classname="com.pagefactory.ValidationLoginPage"/>
  <testcase name="verifyAndValidLoginPage" time="93.431" classname="com.pagefactory.ValidationLoginPage"/>
  <testcase name="verifyElement" time="3.791" classname="com.pagefactory.ValidationLoginPage"/>
</testsuite> <!-- com.pagefactory.ValidationLoginPage -->
